<?xml version="1.0" encoding="UTF-8"?>
<!-- Generated by org.testng.reporters.JUnitReportReporter -->
<testsuite hostname="DESKTOP-PH58IT2" failures="0" tests="2" name="com.learn.restAPI.DiffWaysToCreatePostRequestBody" time="3.037" errors="0" timestamp="2025-02-14T15:53:21 IST" skipped="0">
  <testcase classname="com.learn.restAPI.DiffWaysToCreatePostRequestBody" name="testPostUsingHashMap" time="2.980"/>
  <testcase classname="com.learn.restAPI.DiffWaysToCreatePostRequestBody" name="testDeleteInfo" time="0.057"/>
</testsuite> <!-- com.learn.restAPI.DiffWaysToCreatePostRequestBody -->
