<?xml version="1.0" encoding="UTF-8"?>
<!-- Generated by org.testng.reporters.JUnitReportReporter -->
<testsuite hostname="DESKTOP-PH58IT2" failures="0" tests="2" name="com.testng.learning.TestingAnnotation" time="0.010" errors="0" timestamp="2025-01-30T21:01:59 IST" skipped="0">
  <testcase classname="com.testng.learning.TestingAnnotation" name="testCase2" time="0.003"/>
  <testcase classname="com.testng.learning.TestingAnnotation" name="testCase1" time="0.007"/>
</testsuite> <!-- com.testng.learning.TestingAnnotation -->
