<?xml version="1.0" encoding="UTF-8"?>
<!-- Generated by org.testng.reporters.JUnitReportReporter -->
<testsuite hostname="DESKTOP-PH58IT2" failures="0" tests="1" name="com.learn.restAPI.LogsInAPIDemo" time="2.531" errors="0" timestamp="2025-02-15T19:57:33 IST" skipped="0">
  <testcase classname="com.learn.restAPI.LogsInAPIDemo" name="logsDemo" time="2.531"/>
</testsuite> <!-- com.learn.restAPI.LogsInAPIDemo -->
