<?xml version="1.0" encoding="UTF-8"?>
<!-- Generated by org.testng.reporters.JUnitReportReporter -->
<testsuite hostname="DESKTOP-PH58IT2" failures="0" tests="1" name="com.testng.learning.TestNGSimpleTest" time="0.014" errors="0" timestamp="2025-01-27T22:38:39 IST" skipped="0">
  <testcase classname="com.testng.learning.TestNGSimpleTest" name="addTest" time="0.014"/>
</testsuite> <!-- com.testng.learning.TestNGSimpleTest -->
