<?xml version="1.0" encoding="UTF-8"?>
<!-- Generated by org.testng.reporters.JUnitReportReporter -->
<testsuite hostname="DESKTOP-PH58IT2" failures="0" tests="3" name="com.testng.learning.GroupTestExample" time="0.018" errors="0" timestamp="2025-02-08T15:35:04 IST" skipped="0">
  <testcase classname="com.testng.learning.GroupTestExample" name="testPrintMessage" time="0.014"/>
  <testcase classname="com.testng.learning.GroupTestExample" name="testingExitMessage" time="0.002"/>
  <testcase classname="com.testng.learning.GroupTestExample" name="testSalutationMessage" time="0.002"/>
</testsuite> <!-- com.testng.learning.GroupTestExample -->
