<?xml version="1.0" encoding="UTF-8"?>
<!-- Generated by org.testng.reporters.JUnitReportReporter -->
<testsuite hostname="DESKTOP-PH58IT2" failures="0" tests="2" name="com.learn.restAPI.HeaderDemo" time="3.649" errors="0" timestamp="2025-02-15T19:50:26 IST" skipped="0">
  <testcase classname="com.learn.restAPI.HeaderDemo" name="testHeaders" time="2.538"/>
  <testcase classname="com.learn.restAPI.HeaderDemo" name="getAllHeaders" time="1.111"/>
</testsuite> <!-- com.learn.restAPI.HeaderDemo -->
