<?xml version="1.0" encoding="UTF-8"?>
<!-- Generated by org.testng.reporters.JUnitReportReporter -->
<testsuite hostname="DESKTOP-PH58IT2" failures="0" tests="2" name="com.testng.learning.IgnoreTest" time="0.011" errors="0" timestamp="2025-02-07T21:43:42 IST" skipped="1">
  <testcase classname="com.testng.learning.IgnoreTest" name="testSolutionMessage" time="0.011"/>
  <testcase classname="com.testng.learning.IgnoreTest" name="testPrintMessage">
    <skipped/>
  </testcase> <!-- testPrintMessage -->
</testsuite> <!-- com.testng.learning.IgnoreTest -->
