<?xml version="1.0" encoding="UTF-8"?>
<!-- Generated by org.testng.reporters.JUnitReportReporter -->
<testsuite hostname="DESKTOP-PH58IT2" failures="0" tests="1" name="com.learn.restAPI.CookiesDemo" time="2.119" errors="0" timestamp="2025-02-15T19:11:31 IST" skipped="0">
  <testcase classname="com.learn.restAPI.CookiesDemo" name="testGetCookies" time="2.119"/>
</testsuite> <!-- com.learn.restAPI.CookiesDemo -->
