<?xml version="1.0" encoding="UTF-8"?>
<!-- Generated by org.testng.reporters.JUnitReportReporter -->
<testsuite hostname="DESKTOP-PH58IT2" failures="0" tests="1" name="com.testng.learning.Test1" time="0.010" errors="0" timestamp="2025-02-04T23:30:42 IST" skipped="0">
  <testcase classname="com.testng.learning.Test1" name="testPrintMessage" time="0.010"/>
</testsuite> <!-- com.testng.learning.Test1 -->
