<?xml version="1.0" encoding="UTF-8"?>
<!-- Generated by org.testng.reporters.JUnitReportReporter -->
<testsuite hostname="DESKTOP-PH58IT2" failures="0" tests="1" name="com.selenium.learning.BrowserInvoke" time="48.223" errors="0" timestamp="2025-01-30T21:37:15 IST" skipped="0">
  <testcase classname="com.selenium.learning.BrowserInvoke" name="launchApplication" time="48.223"/>
</testsuite> <!-- com.selenium.learning.BrowserInvoke -->
