<?xml version="1.0" encoding="UTF-8"?>
<!-- Generated by org.testng.reporters.JUnitReportReporter -->
<testsuite hostname="DESKTOP-PH58IT2" failures="0" tests="1" name="com.learn.restAPI.PathandQueryParameter" time="3.082" errors="0" timestamp="2025-02-15T12:26:55 IST" skipped="0">
  <testcase classname="com.learn.restAPI.PathandQueryParameter" name="testPathandQueryParameterValidation" time="3.082"/>
</testsuite> <!-- com.learn.restAPI.PathandQueryParameter -->
