<?xml version="1.0" encoding="UTF-8"?>
<!-- Generated by org.testng.reporters.JUnitReportReporter -->
<testsuite hostname="DESKTOP-PH58IT2" failures="0" tests="1" name="com.selenium.learning.BrowserInvoke" time="47.262" errors="0" timestamp="2025-02-09T22:59:54 IST" skipped="0">
  <testcase classname="com.selenium.learning.BrowserInvoke" name="launchApplication" time="47.262"/>
</testsuite> <!-- com.selenium.learning.BrowserInvoke -->
