<?xml version="1.0" encoding="UTF-8"?>
<!-- Generated by org.testng.reporters.JUnitReportReporter -->
<testsuite hostname="DESKTOP-PH58IT2" failures="0" tests="4" name="com.learn.restAPI.HTTPRequestMethod" time="4.417" errors="0" timestamp="2025-02-13T21:34:12 IST" skipped="0">
  <testcase classname="com.learn.restAPI.HTTPRequestMethod" name="getUsers" time="2.776"/>
  <testcase classname="com.learn.restAPI.HTTPRequestMethod" name="createUser" time="0.834"/>
  <testcase classname="com.learn.restAPI.HTTPRequestMethod" name="updateUser" time="0.417"/>
  <testcase classname="com.learn.restAPI.HTTPRequestMethod" name="deleteUser" time="0.390"/>
</testsuite> <!-- com.learn.restAPI.HTTPRequestMethod -->
