<?xml version="1.0" encoding="UTF-8"?>
<!-- Generated by org.testng.reporters.JUnitReportReporter -->
<testsuite hostname="DESKTOP-PH58IT2" failures="0" tests="1" name="com.selenium.learning.SampleTest" time="0.012" errors="0" timestamp="2025-01-30T21:48:12 IST" skipped="0">
  <testcase classname="com.selenium.learning.SampleTest" name="printMessage" time="0.012"/>
</testsuite> <!-- com.selenium.learning.SampleTest -->
