<?xml version="1.0" encoding="UTF-8"?>
<!-- Generated by org.testng.reporters.JUnitReportReporter -->
<testsuite hostname="DESKTOP-PH58IT2" failures="0" tests="1" name="com.learn.restAPI.Practice_scenarios" time="2.470" errors="0" timestamp="2025-02-16T17:49:56 IST" skipped="0">
  <testcase classname="com.learn.restAPI.Practice_scenarios" name="testPractice" time="2.470"/>
</testsuite> <!-- com.learn.restAPI.Practice_scenarios -->
