<?xml version="1.0" encoding="UTF-8"?>
<!-- Generated by org.testng.reporters.JUnitReportReporter -->
<testsuite hostname="DESKTOP-PH58IT2" failures="0" tests="2" name="com.learn.restAPI.CreatePostRequestBodyExternalJson" time="2.804" errors="0" timestamp="2025-02-14T23:06:20 IST" skipped="0">
  <testcase classname="com.learn.restAPI.CreatePostRequestBodyExternalJson" name="testPostUsingExternalJSON" time="2.739"/>
  <testcase classname="com.learn.restAPI.CreatePostRequestBodyExternalJson" name="testDeleteInfo" time="0.065"/>
</testsuite> <!-- com.learn.restAPI.CreatePostRequestBodyExternalJson -->
