<?xml version="1.0" encoding="UTF-8"?>
<!-- Generated by org.testng.reporters.JUnitReportReporter -->
<testsuite hostname="DESKTOP-PH58IT2" failures="0" tests="2" name="com.learn.restAPI.CreatePostRequestBodyJson_Org" time="3.052" errors="0" timestamp="2025-02-14T22:36:59 IST" skipped="0">
  <testcase classname="com.learn.restAPI.CreatePostRequestBodyJson_Org" name="testPostUsingOrgJSON" time="2.990"/>
  <testcase classname="com.learn.restAPI.CreatePostRequestBodyJson_Org" name="testDeleteInfo" time="0.062"/>
</testsuite> <!-- com.learn.restAPI.CreatePostRequestBodyJson_Org -->
