<?xml version="1.0" encoding="UTF-8"?>
<!-- Generated by org.testng.reporters.JUnitReportReporter -->
<testsuite hostname="DESKTOP-PH58IT2" failures="0" tests="2" name="com.learn.restAPI.CreatePostRequestBodyPOJO" time="3.083" errors="0" timestamp="2025-02-14T22:54:20 IST" skipped="0">
  <testcase classname="com.learn.restAPI.CreatePostRequestBodyPOJO" name="testPostUsingPojo" time="3.030"/>
  <testcase classname="com.learn.restAPI.CreatePostRequestBodyPOJO" name="testDeleteInfo" time="0.053"/>
</testsuite> <!-- com.learn.restAPI.CreatePostRequestBodyPOJO -->
