<?xml version="1.0" encoding="UTF-8"?>
<!-- Generated by org.testng.reporters.JUnitReportReporter -->
<testsuite hostname="DESKTOP-PH58IT2" failures="0" tests="2" name="com.learn.restAPI.Practice_CreatePostUsingPOJO" time="2.646" errors="0" timestamp="2025-02-15T11:52:02 IST" skipped="0">
  <testcase classname="com.learn.restAPI.Practice_CreatePostUsingPOJO" name="delete" time="0.073"/>
  <testcase classname="com.learn.restAPI.Practice_CreatePostUsingPOJO" name="testPracticePOJO" time="2.573"/>
</testsuite> <!-- com.learn.restAPI.Practice_CreatePostUsingPOJO -->
