<?xml version="1.0" encoding="UTF-8"?>
<!-- Generated by org.testng.reporters.JUnitReportReporter -->
<testsuite hostname="DESKTOP-PH58IT2" failures="0" tests="2" name="com.testng.learning.TestEmployeeDetails" time="0.014" errors="0" timestamp="2025-01-30T20:28:55 IST" skipped="0">
  <testcase classname="com.testng.learning.TestEmployeeDetails" name="testCalculateAppriasal" time="0.012"/>
  <testcase classname="com.testng.learning.TestEmployeeDetails" name="testCalculateYearlySalary" time="0.002"/>
</testsuite> <!-- com.testng.learning.TestEmployeeDetails -->
